2025-06-28 08:51:22,189 - INFO - parser.py:162 - Translation started on ONNX model yolo8l_fire_nms
2025-06-28 08:51:22,816 - INFO - parser.py:197 - Restored ONNX model yolo8l_fire_nms (completion time: 00:00:00.63)
2025-06-28 08:51:24,844 - INFO - parser.py:220 - Extracted ONNXRuntime meta-data for Hailo model (completion time: 00:00:02.66)
2025-06-28 08:51:39,253 - INFO - parser.py:162 - Translation started on ONNX model yolo8l_fire_nms
2025-06-28 08:51:39,837 - INFO - parser.py:197 - Restored ONNX model yolo8l_fire_nms (completion time: 00:00:00.58)
2025-06-28 08:51:41,840 - INFO - parser.py:220 - Extracted ONNXRuntime meta-data for Hailo model (completion time: 00:00:02.59)
2025-06-28 08:51:42,088 - WARNING - parser.py:318 - ONNX shape inference failed: list index out of range
2025-06-28 08:52:23,594 - INFO - parser.py:162 - Translation started on ONNX model yolo8l_fire_nms
2025-06-28 08:52:24,171 - INFO - parser.py:197 - Restored ONNX model yolo8l_fire_nms (completion time: 00:00:00.58)
2025-06-28 08:52:26,170 - INFO - parser.py:220 - Extracted ONNXRuntime meta-data for Hailo model (completion time: 00:00:02.58)
2025-06-28 08:52:28,648 - INFO - parser.py:278 - Simplified ONNX model for a parsing retry attempt (completion time: 00:00:05.05)
2025-06-28 08:52:42,123 - INFO - parser.py:162 - Translation started on ONNX model yolo8l_fire_nms
2025-06-28 08:52:42,715 - INFO - parser.py:197 - Restored ONNX model yolo8l_fire_nms (completion time: 00:00:00.59)
2025-06-28 08:52:44,743 - INFO - parser.py:220 - Extracted ONNXRuntime meta-data for Hailo model (completion time: 00:00:02.62)
2025-06-28 08:52:45,833 - INFO - onnx_translator.py:2640 - NMS structure of yolov8 (or equivalent architecture) was detected.
2025-06-28 08:52:45,833 - INFO - onnx_translator.py:2642 - In order to use HailoRT post-processing capabilities, these end node names should be used: /model.22/cv2.0/cv2.0.2/Conv /model.22/cv3.0/cv3.0.2/Conv /model.22/cv2.1/cv2.1.2/Conv /model.22/cv3.1/cv3.1.2/Conv /model.22/cv2.2/cv2.2.2/Conv /model.22/cv3.2/cv3.2.2/Conv.
2025-06-28 08:52:45,933 - INFO - parser.py:378 - Start nodes mapped from original model: 'images': 'yolo8l_fire_nms/input_layer1'.
2025-06-28 08:52:45,933 - INFO - parser.py:379 - End nodes mapped from original model: '/model.22/Concat_3'.
2025-06-28 08:52:46,023 - INFO - parser.py:292 - Translation completed on ONNX model yolo8l_fire_nms (completion time: 00:00:03.90)
2025-06-28 08:52:47,385 - INFO - parser.py:162 - Translation started on ONNX model yolo8l_fire_nms
2025-06-28 08:52:47,761 - INFO - parser.py:197 - Restored ONNX model yolo8l_fire_nms (completion time: 00:00:00.38)
2025-06-28 08:52:49,541 - INFO - parser.py:220 - Extracted ONNXRuntime meta-data for Hailo model (completion time: 00:00:02.16)
2025-06-28 08:52:50,725 - INFO - onnx_translator.py:2640 - NMS structure of yolov8 (or equivalent architecture) was detected.
2025-06-28 08:52:50,725 - INFO - onnx_translator.py:2642 - In order to use HailoRT post-processing capabilities, these end node names should be used: /model.22/cv2.0/cv2.0.2/Conv /model.22/cv3.0/cv3.0.2/Conv /model.22/cv2.1/cv2.1.2/Conv /model.22/cv3.1/cv3.1.2/Conv /model.22/cv2.2/cv2.2.2/Conv /model.22/cv3.2/cv3.2.2/Conv.
2025-06-28 08:52:50,815 - INFO - parser.py:378 - Start nodes mapped from original model: 'images': 'yolo8l_fire_nms/input_layer1'.
2025-06-28 08:52:50,815 - INFO - parser.py:379 - End nodes mapped from original model: '/model.22/cv2.0/cv2.0.2/Conv', '/model.22/cv3.0/cv3.0.2/Conv', '/model.22/cv2.1/cv2.1.2/Conv', '/model.22/cv3.1/cv3.1.2/Conv', '/model.22/cv2.2/cv2.2.2/Conv', '/model.22/cv3.2/cv3.2.2/Conv'.
2025-06-28 08:52:50,905 - INFO - parser.py:292 - Translation completed on ONNX model yolo8l_fire_nms (completion time: 00:00:03.52)
2025-06-28 08:52:51,912 - INFO - client_runner.py:499 - Appending model script commands to yolo8l_fire_nms from string
2025-06-28 08:52:51,939 - INFO - parser_cli.py:324 - Added nms postprocess command to model script.
2025-06-28 08:52:52,417 - INFO - client_runner.py:1876 - Saved HAR to: /tmp/yolo8l_fire_nms.har
2025-06-28 08:53:27,580 - INFO - nms_postprocess_command.py:385 - For NMS architecture yolov8 the default engine is cpu. For other engine please use the 'engine' flag in the nms_postprocess model script command. If the NMS has been added during parsing, please parse the model again without confirming the addition of the NMS, and add the command manually with the desired engine.
2025-06-28 08:53:27,580 - INFO - nms_postprocess_command.py:720 - The layer yolo8l_fire_nms/conv73 was detected as reg_layer.
2025-06-28 08:53:27,580 - INFO - nms_postprocess_command.py:720 - The layer yolo8l_fire_nms/conv74 was detected as cls_layer.
2025-06-28 08:53:27,580 - INFO - nms_postprocess_command.py:720 - The layer yolo8l_fire_nms/conv88 was detected as reg_layer.
2025-06-28 08:53:27,581 - INFO - nms_postprocess_command.py:720 - The layer yolo8l_fire_nms/conv89 was detected as cls_layer.
2025-06-28 08:53:27,581 - INFO - nms_postprocess_command.py:720 - The layer yolo8l_fire_nms/conv100 was detected as reg_layer.
2025-06-28 08:53:27,581 - INFO - nms_postprocess_command.py:720 - The layer yolo8l_fire_nms/conv103 was detected as cls_layer.
2025-06-28 08:53:27,581 - INFO - nms_postprocess_command.py:514 - Using the default score threshold of 0.001 (range is [0-1], where 1 performs maximum suppression) and IoU threshold of 0.7 (range is [0-1], where 0 performs maximum suppression).
Changing the values is possible using the nms_postprocess model script command.
2025-06-28 08:53:27,583 - INFO - nms_postprocess.py:1108 - The activation function of layer yolo8l_fire_nms/conv74 was replaced by a Sigmoid
2025-06-28 08:53:27,583 - INFO - nms_postprocess.py:1108 - The activation function of layer yolo8l_fire_nms/conv89 was replaced by a Sigmoid
2025-06-28 08:53:27,583 - INFO - nms_postprocess.py:1108 - The activation function of layer yolo8l_fire_nms/conv103 was replaced by a Sigmoid
2025-06-28 08:53:28,066 - IMPORTANT - sdk_backend.py:1191 - Starting Model Optimization
2025-06-28 08:53:56,888 - INFO - nms_postprocess_command.py:385 - For NMS architecture yolov8 the default engine is cpu. For other engine please use the 'engine' flag in the nms_postprocess model script command. If the NMS has been added during parsing, please parse the model again without confirming the addition of the NMS, and add the command manually with the desired engine.
2025-06-28 08:53:56,889 - INFO - nms_postprocess_command.py:720 - The layer yolo8l_fire_nms/conv73 was detected as reg_layer.
2025-06-28 08:53:56,889 - INFO - nms_postprocess_command.py:720 - The layer yolo8l_fire_nms/conv74 was detected as cls_layer.
2025-06-28 08:53:56,889 - INFO - nms_postprocess_command.py:720 - The layer yolo8l_fire_nms/conv88 was detected as reg_layer.
2025-06-28 08:53:56,889 - INFO - nms_postprocess_command.py:720 - The layer yolo8l_fire_nms/conv89 was detected as cls_layer.
2025-06-28 08:53:56,889 - INFO - nms_postprocess_command.py:720 - The layer yolo8l_fire_nms/conv100 was detected as reg_layer.
2025-06-28 08:53:56,889 - INFO - nms_postprocess_command.py:720 - The layer yolo8l_fire_nms/conv103 was detected as cls_layer.
2025-06-28 08:53:56,889 - INFO - nms_postprocess_command.py:514 - Using the default score threshold of 0.001 (range is [0-1], where 1 performs maximum suppression) and IoU threshold of 0.7 (range is [0-1], where 0 performs maximum suppression).
Changing the values is possible using the nms_postprocess model script command.
2025-06-28 08:53:56,892 - INFO - nms_postprocess.py:1108 - The activation function of layer yolo8l_fire_nms/conv74 was replaced by a Sigmoid
2025-06-28 08:53:56,892 - INFO - nms_postprocess.py:1108 - The activation function of layer yolo8l_fire_nms/conv89 was replaced by a Sigmoid
2025-06-28 08:53:56,892 - INFO - nms_postprocess.py:1108 - The activation function of layer yolo8l_fire_nms/conv103 was replaced by a Sigmoid
2025-06-28 08:53:57,112 - INFO - calib_set_generator.py:117 - Found model with 3 input channels, using real RGB images for calibration instead of sampling random data.
2025-06-28 08:53:57,370 - IMPORTANT - sdk_backend.py:1191 - Starting Model Optimization
2025-06-28 08:53:58,185 - WARNING - mo_config.py:168 - Reducing optimization level to 0 (the accuracy won't be optimized and compression won't be used) because there's no available GPU
2025-06-28 08:53:58,186 - WARNING - mo_config.py:233 - Running model optimization with zero level of optimization is not recommended for production use and might lead to suboptimal accuracy results
2025-06-28 08:53:58,186 - INFO - mo_script_parser.py:91 - Model received quantization params from the hn
2025-06-28 08:54:02,392 - INFO - algorithm_base.py:149 - MatmulDecompose skipped
2025-06-28 08:54:02,843 - INFO - algorithm_base.py:152 - Starting Mixed Precision
2025-06-28 08:54:03,448 - INFO - algorithm_base.py:168 - Model Optimization Algorithm Mixed Precision is done (completion time is 00:00:00.60)
2025-06-28 08:54:03,738 - INFO - algorithm_base.py:149 - LayerNorm Decomposition skipped
2025-06-28 08:54:04,422 - INFO - algorithm_base.py:152 - Starting Statistics Collector
2025-06-28 08:54:04,424 - INFO - stats_collection.py:77 - Using dataset with 64 entries for calibration
2025-06-28 08:54:57,350 - INFO - algorithm_base.py:168 - Model Optimization Algorithm Statistics Collector is done (completion time is 00:00:52.93)
2025-06-28 08:54:58,963 - INFO - algorithm_base.py:152 - Starting Fix zp_comp Encoding
2025-06-28 08:54:58,964 - INFO - algorithm_base.py:168 - Model Optimization Algorithm Fix zp_comp Encoding is done (completion time is 00:00:00.00)
2025-06-28 08:54:58,964 - INFO - algorithm_base.py:149 - Matmul Equalization skipped
2025-06-28 08:54:58,965 - INFO - algorithm_base.py:152 - Starting MatmulDecomposeFix
2025-06-28 08:54:58,965 - INFO - algorithm_base.py:168 - Model Optimization Algorithm MatmulDecomposeFix is done (completion time is 00:00:00.00)
2025-06-28 08:55:12,531 - INFO - algorithm_base.py:149 - Finetune encoding skipped
2025-06-28 08:55:12,533 - INFO - algorithm_base.py:149 - Bias Correction skipped
2025-06-28 08:55:12,544 - INFO - algorithm_base.py:149 - Adaround skipped
2025-06-28 08:55:12,548 - INFO - algorithm_base.py:149 - Quantization-Aware Fine-Tuning skipped
2025-06-28 08:55:22,422 - INFO - algorithm_base.py:149 - Layer Noise Analysis skipped
2025-06-28 08:55:22,808 - INFO - quant_checker.py:171 - The calibration set seems to not be normalized, because the values range is [(0.0, 1.0), (0.0, 1.0), (0.0, 1.0)].
Since the neural core works in 8-bit (between 0 to 255), a quantization will occur on the CPU of the runtime platform.
Add a normalization layer to the model to offload the normalization to the neural core.
Refer to the user guide Hailo Dataflow Compiler user guide / Model Optimization / Optimization Related Model Script Commands / model_modification_commands / normalization for details.
2025-06-28 08:55:31,165 - IMPORTANT - sdk_backend.py:1203 - Model Optimization is done
2025-06-28 08:55:33,317 - INFO - client_runner.py:1876 - Saved HAR to: /tmp/yolo8l_fire_nms_optimized.har
2025-06-28 08:56:02,533 - INFO - compiler_cli.py:81 - Compiling network
2025-06-28 08:56:02,569 - INFO - hailo_tools_runner.py:510 - To achieve optimal performance, set the compiler_optimization_level to "max" by adding performance_param(compiler_optimization_level=max) to the model script. Note that this may increase compilation time.
2025-06-28 08:59:31,418 - INFO - compiler_cli.py:81 - Compiling network
2025-06-28 08:59:31,455 - INFO - hailo_tools_runner.py:510 - To achieve optimal performance, set the compiler_optimization_level to "max" by adding performance_param(compiler_optimization_level=max) to the model script. Note that this may increase compilation time.
2025-06-28 09:30:56,747 - INFO - compiler_cli.py:86 - Compilation complete
2025-06-28 09:30:56,800 - INFO - compiler_cli.py:91 - Saved HEF to: /home/seth/wildfire-watch/hailo_qat_output/yolo8l_fire_nms.hef
2025-06-28 09:30:58,999 - INFO - client_runner.py:1876 - Saved HAR to: /home/seth/wildfire-watch/hailo_qat_output/yolo8l_fire_nms_compiled.har
