2025-06-08 12:28:29,656 [INFO] Working Complete YOLO-NAS Pipeline for Wildfire Watch
2025-06-08 12:28:29,656 [INFO] ============================================================
2025-06-08 12:28:29,656 [INFO] This pipeline will:
2025-06-08 12:28:29,656 [INFO] 1. Create YOLO-NAS-S model with correct architecture
2025-06-08 12:28:29,656 [INFO] 2. Convert to ONNX format for Frigate
2025-06-08 12:28:29,656 [INFO] 3. Generate complete deployment package
2025-06-08 12:28:29,656 [INFO] ============================================================
2025-06-08 12:28:29,656 [INFO] Checking prerequisites...
2025-06-08 12:28:31,128 [INFO] Found 283543 training images and 283631 labels
2025-06-08 12:28:32,240 [INFO] GPU: NVIDIA RTX A2000 12GB (12.5 GB)
2025-06-08 12:28:32,240 [INFO] Available disk space: 58.2 GB
2025-06-08 12:28:32,240 [INFO] \nStarting working pipeline...
2025-06-08 12:28:32,240 [INFO] ============================================================
2025-06-08 12:28:32,240 [INFO] PHASE 1: MODEL CREATION AND TRAINING
2025-06-08 12:28:32,240 [INFO] ============================================================
2025-06-08 18:13:10,650 [INFO] Working Complete YOLO-NAS Pipeline for Wildfire Watch
2025-06-08 18:13:10,650 [INFO] ============================================================
2025-06-08 18:13:10,650 [INFO] This pipeline will:
2025-06-08 18:13:10,650 [INFO] 1. Create YOLO-NAS-S model with correct architecture
2025-06-08 18:13:10,651 [INFO] 2. Convert to ONNX format for Frigate
2025-06-08 18:13:10,651 [INFO] 3. Generate complete deployment package
2025-06-08 18:13:10,651 [INFO] ============================================================
2025-06-08 18:13:10,651 [INFO] Checking prerequisites...
2025-06-08 18:13:12,141 [INFO] Found 283543 training images and 283631 labels
2025-06-08 18:13:13,206 [INFO] GPU: NVIDIA RTX A2000 12GB (12.5 GB)
2025-06-08 18:13:13,206 [INFO] Available disk space: 55.7 GB
2025-06-08 18:13:13,206 [INFO] \nStarting working pipeline...
2025-06-08 18:13:13,206 [INFO] ============================================================
2025-06-08 18:13:13,206 [INFO] PHASE 1: MODEL CREATION AND TRAINING
2025-06-08 18:13:13,206 [INFO] ============================================================
